2020-04-25 14:20:14.650 [main] INFO  com.imooc.o2o.O2OSpringBootApplication - Starting O2OSpringBootApplication on SurfacePro7 with PID 6568 (started by fl673 in C:\Program Files\JetBrains\IntelliJ IDEA 2019.2.4\ideaProjects\o2o2)
2020-04-25 14:20:14.663 [main] INFO  com.imooc.o2o.O2OSpringBootApplication - No active profile set, falling back to default profiles: default
2020-04-25 14:20:17.838 [main] INFO  com.imooc.o2o.O2OSpringBootApplication - Started O2OSpringBootApplication in 3.553 seconds (JVM running for 4.307)
2020-04-25 14:22:22.606 [main] INFO  com.imooc.o2o.O2OSpringBootApplication - Starting O2OSpringBootApplication on SurfacePro7 with PID 2360 (started by fl673 in C:\Program Files\JetBrains\IntelliJ IDEA 2019.2.4\ideaProjects\o2o2)
2020-04-25 14:22:22.606 [main] INFO  com.imooc.o2o.O2OSpringBootApplication - No active profile set, falling back to default profiles: default
2020-04-25 14:22:25.588 [main] INFO  com.imooc.o2o.O2OSpringBootApplication - Started O2OSpringBootApplication in 3.301 seconds (JVM running for 3.993)
2020-04-25 14:28:56.876 [main] INFO  com.imooc.o2o.O2OSpringBootApplication - Starting O2OSpringBootApplication on SurfacePro7 with PID 11048 (started by fl673 in C:\Program Files\JetBrains\IntelliJ IDEA 2019.2.4\ideaProjects\o2o2)
2020-04-25 14:28:56.880 [main] INFO  com.imooc.o2o.O2OSpringBootApplication - No active profile set, falling back to default profiles: default
2020-04-25 14:29:00.169 [main] INFO  com.imooc.o2o.O2OSpringBootApplication - Started O2OSpringBootApplication in 3.61 seconds (JVM running for 4.363)
2020-04-25 14:37:31.596 [main] INFO  com.imooc.o2o.dao.ProductSellDailyDaoTest - Starting ProductSellDailyDaoTest on SurfacePro7 with PID 2644 (started by fl673 in C:\Program Files\JetBrains\IntelliJ IDEA 2019.2.4\ideaProjects\o2o2)
2020-04-25 14:37:31.599 [main] INFO  com.imooc.o2o.dao.ProductSellDailyDaoTest - No active profile set, falling back to default profiles: default
2020-04-25 14:37:36.504 [main] INFO  com.imooc.o2o.dao.ProductSellDailyDaoTest - Started ProductSellDailyDaoTest in 5.265 seconds (JVM running for 6.434)
2020-04-25 14:38:27.881 [main] INFO  com.imooc.o2o.O2OSpringBootApplication - Starting O2OSpringBootApplication on SurfacePro7 with PID 1340 (started by fl673 in C:\Program Files\JetBrains\IntelliJ IDEA 2019.2.4\ideaProjects\o2o2)
2020-04-25 14:38:27.885 [main] INFO  com.imooc.o2o.O2OSpringBootApplication - No active profile set, falling back to default profiles: default
2020-04-25 14:38:31.549 [main] INFO  com.imooc.o2o.O2OSpringBootApplication - Started O2OSpringBootApplication in 4.052 seconds (JVM running for 4.875)
2020-04-25 15:43:43.775 [main] INFO  com.imooc.o2o.O2OSpringBootApplication - Starting O2OSpringBootApplication on SurfacePro7 with PID 8532 (started by fl673 in C:\Program Files\JetBrains\IntelliJ IDEA 2019.2.4\ideaProjects\o2o2)
2020-04-25 15:43:43.778 [main] INFO  com.imooc.o2o.O2OSpringBootApplication - No active profile set, falling back to default profiles: default
2020-04-25 15:43:47.140 [main] INFO  com.imooc.o2o.O2OSpringBootApplication - Started O2OSpringBootApplication in 3.753 seconds (JVM running for 4.544)
2020-04-25 15:45:13.725 [main] INFO  com.imooc.o2o.O2OSpringBootApplication - Starting O2OSpringBootApplication on SurfacePro7 with PID 4104 (started by fl673 in C:\Program Files\JetBrains\IntelliJ IDEA 2019.2.4\ideaProjects\o2o2)
2020-04-25 15:45:13.728 [main] INFO  com.imooc.o2o.O2OSpringBootApplication - No active profile set, falling back to default profiles: default
2020-04-25 15:45:16.970 [main] INFO  com.imooc.o2o.O2OSpringBootApplication - Started O2OSpringBootApplication in 3.623 seconds (JVM running for 4.387)
2020-04-25 15:46:52.451 [main] INFO  com.imooc.o2o.O2OSpringBootApplication - Starting O2OSpringBootApplication on SurfacePro7 with PID 10820 (started by fl673 in C:\Program Files\JetBrains\IntelliJ IDEA 2019.2.4\ideaProjects\o2o2)
2020-04-25 15:46:52.459 [main] INFO  com.imooc.o2o.O2OSpringBootApplication - No active profile set, falling back to default profiles: default
2020-04-25 15:46:55.980 [main] INFO  com.imooc.o2o.O2OSpringBootApplication - Started O2OSpringBootApplication in 3.87 seconds (JVM running for 4.619)
2020-04-25 16:02:22.108 [main] INFO  com.imooc.o2o.O2OSpringBootApplication - Starting O2OSpringBootApplication on SurfacePro7 with PID 7488 (started by fl673 in C:\Program Files\JetBrains\IntelliJ IDEA 2019.2.4\ideaProjects\o2o2)
2020-04-25 16:02:22.115 [main] INFO  com.imooc.o2o.O2OSpringBootApplication - No active profile set, falling back to default profiles: default
2020-04-25 16:02:25.770 [main] INFO  com.imooc.o2o.O2OSpringBootApplication - Started O2OSpringBootApplication in 4.045 seconds (JVM running for 4.905)
2020-04-25 16:02:59.279 [main] INFO  com.imooc.o2o.O2OSpringBootApplication - Starting O2OSpringBootApplication on SurfacePro7 with PID 3108 (started by fl673 in C:\Program Files\JetBrains\IntelliJ IDEA 2019.2.4\ideaProjects\o2o2)
2020-04-25 16:02:59.283 [main] INFO  com.imooc.o2o.O2OSpringBootApplication - No active profile set, falling back to default profiles: default
2020-04-25 16:03:02.616 [main] INFO  com.imooc.o2o.O2OSpringBootApplication - Started O2OSpringBootApplication in 3.735 seconds (JVM running for 4.521)
2020-04-25 16:05:37.557 [main] INFO  com.imooc.o2o.O2OSpringBootApplication - Starting O2OSpringBootApplication on SurfacePro7 with PID 4576 (started by fl673 in C:\Program Files\JetBrains\IntelliJ IDEA 2019.2.4\ideaProjects\o2o2)
2020-04-25 16:05:37.557 [main] INFO  com.imooc.o2o.O2OSpringBootApplication - No active profile set, falling back to default profiles: default
2020-04-25 16:05:40.777 [main] INFO  com.imooc.o2o.O2OSpringBootApplication - Started O2OSpringBootApplication in 3.585 seconds (JVM running for 4.294)
2020-04-25 16:06:16.916 [main] INFO  com.imooc.o2o.O2OSpringBootApplication - Starting O2OSpringBootApplication on SurfacePro7 with PID 5512 (started by fl673 in C:\Program Files\JetBrains\IntelliJ IDEA 2019.2.4\ideaProjects\o2o2)
2020-04-25 16:06:16.920 [main] INFO  com.imooc.o2o.O2OSpringBootApplication - No active profile set, falling back to default profiles: default
2020-04-25 16:06:20.544 [main] INFO  com.imooc.o2o.O2OSpringBootApplication - Started O2OSpringBootApplication in 4.013 seconds (JVM running for 4.836)
2020-04-25 16:15:18.557 [main] INFO  com.imooc.o2o.O2OSpringBootApplication - Starting O2OSpringBootApplication on SurfacePro7 with PID 5928 (started by fl673 in C:\Program Files\JetBrains\IntelliJ IDEA 2019.2.4\ideaProjects\o2o2)
2020-04-25 16:15:18.558 [main] INFO  com.imooc.o2o.O2OSpringBootApplication - No active profile set, falling back to default profiles: default
2020-04-25 16:15:22.264 [main] INFO  com.imooc.o2o.O2OSpringBootApplication - Started O2OSpringBootApplication in 4.099 seconds (JVM running for 4.965)
2020-04-25 16:19:42.947 [main] INFO  com.imooc.o2o.O2OSpringBootApplication - Starting O2OSpringBootApplication on SurfacePro7 with PID 3708 (started by fl673 in C:\Program Files\JetBrains\IntelliJ IDEA 2019.2.4\ideaProjects\o2o2)
2020-04-25 16:19:42.952 [main] INFO  com.imooc.o2o.O2OSpringBootApplication - No active profile set, falling back to default profiles: default
2020-04-25 16:19:46.581 [main] INFO  com.imooc.o2o.O2OSpringBootApplication - Started O2OSpringBootApplication in 4.039 seconds (JVM running for 4.831)
2020-04-25 16:39:47.582 [main] INFO  com.imooc.o2o.O2OSpringBootApplication - Starting O2OSpringBootApplication on SurfacePro7 with PID 8616 (started by fl673 in C:\Program Files\JetBrains\IntelliJ IDEA 2019.2.4\ideaProjects\o2o2)
2020-04-25 16:39:47.586 [main] INFO  com.imooc.o2o.O2OSpringBootApplication - No active profile set, falling back to default profiles: default
2020-04-25 16:39:50.921 [main] INFO  com.imooc.o2o.O2OSpringBootApplication - Started O2OSpringBootApplication in 3.683 seconds (JVM running for 4.426)
2020-04-25 16:47:51.463 [main] INFO  com.imooc.o2o.O2OSpringBootApplication - Starting O2OSpringBootApplication on SurfacePro7 with PID 13264 (started by fl673 in C:\Program Files\JetBrains\IntelliJ IDEA 2019.2.4\ideaProjects\o2o2)
2020-04-25 16:47:51.463 [main] INFO  com.imooc.o2o.O2OSpringBootApplication - No active profile set, falling back to default profiles: default
2020-04-25 16:47:55.044 [main] INFO  com.imooc.o2o.O2OSpringBootApplication - Started O2OSpringBootApplication in 3.933 seconds (JVM running for 4.676)
2020-04-25 16:49:42.490 [main] INFO  com.imooc.o2o.O2OSpringBootApplication - Starting O2OSpringBootApplication on SurfacePro7 with PID 8788 (started by fl673 in C:\Program Files\JetBrains\IntelliJ IDEA 2019.2.4\ideaProjects\o2o2)
2020-04-25 16:49:42.493 [main] INFO  com.imooc.o2o.O2OSpringBootApplication - No active profile set, falling back to default profiles: default
2020-04-25 16:49:46.058 [main] INFO  com.imooc.o2o.O2OSpringBootApplication - Started O2OSpringBootApplication in 3.949 seconds (JVM running for 4.742)
2020-04-25 16:59:52.628 [main] INFO  com.imooc.o2o.O2OSpringBootApplication - Starting O2OSpringBootApplication on SurfacePro7 with PID 6100 (started by fl673 in C:\Program Files\JetBrains\IntelliJ IDEA 2019.2.4\ideaProjects\o2o2)
2020-04-25 16:59:52.638 [main] INFO  com.imooc.o2o.O2OSpringBootApplication - No active profile set, falling back to default profiles: default
2020-04-25 16:59:55.867 [main] INFO  com.imooc.o2o.O2OSpringBootApplication - Started O2OSpringBootApplication in 3.652 seconds (JVM running for 4.438)
2020-04-25 19:23:34.510 [main] INFO  com.imooc.o2o.O2OSpringBootApplication - Starting O2OSpringBootApplication on SurfacePro7 with PID 3976 (started by fl673 in C:\Program Files\JetBrains\IntelliJ IDEA 2019.2.4\ideaProjects\o2o2)
2020-04-25 19:23:34.513 [main] INFO  com.imooc.o2o.O2OSpringBootApplication - No active profile set, falling back to default profiles: default
2020-04-25 19:23:38.812 [main] INFO  com.imooc.o2o.O2OSpringBootApplication - Started O2OSpringBootApplication in 4.675 seconds (JVM running for 5.478)
2020-04-25 19:26:31.041 [main] INFO  com.imooc.o2o.O2OSpringBootApplication - Starting O2OSpringBootApplication on SurfacePro7 with PID 11708 (started by fl673 in C:\Program Files\JetBrains\IntelliJ IDEA 2019.2.4\ideaProjects\o2o2)
2020-04-25 19:26:31.043 [main] INFO  com.imooc.o2o.O2OSpringBootApplication - No active profile set, falling back to default profiles: default
2020-04-25 19:26:34.440 [main] INFO  com.imooc.o2o.O2OSpringBootApplication - Started O2OSpringBootApplication in 3.753 seconds (JVM running for 4.489)
